0 info it worked if it ends with ok
1 verbose cli [ 'node', '/usr/local/bin/npm', 'install', '--save', 'path', 'fs' ]
2 info using npm@1.4.14
3 info using node@v0.10.29
4 verbose readDependencies using package.json deps
5 verbose cache add [ 'path', null ]
6 verbose cache add name=undefined spec="path" args=["path",null]
7 verbose parsed url { protocol: null,
7 verbose parsed url   slashes: null,
7 verbose parsed url   auth: null,
7 verbose parsed url   host: null,
7 verbose parsed url   port: null,
7 verbose parsed url   hostname: null,
7 verbose parsed url   hash: null,
7 verbose parsed url   search: null,
7 verbose parsed url   query: null,
7 verbose parsed url   pathname: 'path',
7 verbose parsed url   path: 'path',
7 verbose parsed url   href: 'path' }
8 verbose cache add [ 'fs', null ]
9 verbose cache add name=undefined spec="fs" args=["fs",null]
10 verbose parsed url { protocol: null,
10 verbose parsed url   slashes: null,
10 verbose parsed url   auth: null,
10 verbose parsed url   host: null,
10 verbose parsed url   port: null,
10 verbose parsed url   hostname: null,
10 verbose parsed url   hash: null,
10 verbose parsed url   search: null,
10 verbose parsed url   query: null,
10 verbose parsed url   pathname: 'fs',
10 verbose parsed url   path: 'fs',
10 verbose parsed url   href: 'fs' }
11 silly lockFile 3150ecd5-path path
12 verbose lock path /Users/michael/.npm/3150ecd5-path.lock
13 silly lockFile 3f4bb586-fs fs
14 verbose lock fs /Users/michael/.npm/3f4bb586-fs.lock
15 silly lockFile 3150ecd5-path path
16 silly lockFile 3150ecd5-path path
17 silly lockFile 3f4bb586-fs fs
18 silly lockFile 3f4bb586-fs fs
19 verbose addNamed [ 'path', '' ]
20 verbose addNamed [ null, '*' ]
21 silly lockFile 9741fa74-path path@
22 verbose lock path@ /Users/michael/.npm/9741fa74-path.lock
23 verbose addNamed [ 'fs', '' ]
24 verbose addNamed [ null, '*' ]
25 silly lockFile a107b96b-fs fs@
26 verbose lock fs@ /Users/michael/.npm/a107b96b-fs.lock
27 silly addNameRange { name: 'path', range: '*', hasData: false }
28 silly addNameRange { name: 'fs', range: '*', hasData: false }
29 verbose url raw path
30 verbose url resolving [ 'https://registry.npmjs.org/', './path' ]
31 verbose url resolved https://registry.npmjs.org/path
32 info trying registry request attempt 1 at 07:24:48
33 http GET https://registry.npmjs.org/path
34 verbose url raw fs
35 verbose url resolving [ 'https://registry.npmjs.org/', './fs' ]
36 verbose url resolved https://registry.npmjs.org/fs
37 info trying registry request attempt 1 at 07:24:48
38 http GET https://registry.npmjs.org/fs
39 http 200 https://registry.npmjs.org/path
40 silly registry.get cb [ 200,
40 silly registry.get   { date: 'Tue, 29 Jul 2014 14:24:48 GMT',
40 silly registry.get     server: 'CouchDB/1.5.0 (Erlang OTP/R16B03)',
40 silly registry.get     etag: '"C48QY14Z0ZS11WIRR23ERTQOT"',
40 silly registry.get     'content-type': 'application/json',
40 silly registry.get     'cache-control': 'max-age=60',
40 silly registry.get     'content-length': '1461',
40 silly registry.get     'accept-ranges': 'bytes',
40 silly registry.get     via: '1.1 varnish',
40 silly registry.get     age: '24227',
40 silly registry.get     'x-served-by': 'cache-sjc3127-SJC',
40 silly registry.get     'x-cache': 'HIT',
40 silly registry.get     'x-cache-hits': '1',
40 silly registry.get     'x-timer': 'S1406643888.529148,VS0,VE36',
40 silly registry.get     vary: 'Accept',
40 silly registry.get     'keep-alive': 'timeout=10, max=50',
40 silly registry.get     connection: 'Keep-Alive' } ]
41 silly addNameRange number 2 { name: 'path', range: '*', hasData: true }
42 silly addNameRange versions [ 'path', [ '0.4.9' ] ]
43 verbose addNamed [ 'path', '0.4.9' ]
44 verbose addNamed [ '0.4.9', '0.4.9' ]
45 silly lockFile f9561765-path-0-4-9 path@0.4.9
46 verbose lock path@0.4.9 /Users/michael/.npm/f9561765-path-0-4-9.lock
47 silly lockFile badd1f40-ry-npmjs-org-path-path-0-4-9-tgz https://registry.npmjs.org/path/-/path-0.4.9.tgz
48 verbose lock https://registry.npmjs.org/path/-/path-0.4.9.tgz /Users/michael/.npm/badd1f40-ry-npmjs-org-path-path-0-4-9-tgz.lock
49 verbose addRemoteTarball [ 'https://registry.npmjs.org/path/-/path-0.4.9.tgz',
49 verbose addRemoteTarball   '380c68d01273e43f9368d7ad50fee5e3e8d477f0' ]
50 info retry fetch attempt 1 at 07:24:48
51 verbose fetch to= /var/folders/k0/05rkgq355b9gc26qrk_5jwlr0000gn/T/npm-74075-XKgCSVGI/registry.npmjs.org/path/-/path-0.4.9.tgz
52 http GET https://registry.npmjs.org/path/-/path-0.4.9.tgz
53 http 200 https://registry.npmjs.org/path/-/path-0.4.9.tgz
54 silly lockFile badd1f40-ry-npmjs-org-path-path-0-4-9-tgz https://registry.npmjs.org/path/-/path-0.4.9.tgz
55 silly lockFile badd1f40-ry-npmjs-org-path-path-0-4-9-tgz https://registry.npmjs.org/path/-/path-0.4.9.tgz
56 silly lockFile f9561765-path-0-4-9 path@0.4.9
57 silly lockFile f9561765-path-0-4-9 path@0.4.9
58 silly lockFile 9741fa74-path path@
59 silly lockFile 9741fa74-path path@
60 http 404 https://registry.npmjs.org/fs
61 silly registry.get cb [ 404,
61 silly registry.get   { date: 'Tue, 29 Jul 2014 14:24:48 GMT',
61 silly registry.get     server: 'CouchDB/1.5.0 (Erlang OTP/R14B04)',
61 silly registry.get     etag: '"5BQZWWEVHQEXWCPP0V3B1TODR"',
61 silly registry.get     'content-type': 'application/json',
61 silly registry.get     'cache-control': 'max-age=0',
61 silly registry.get     'content-length': '397',
61 silly registry.get     'accept-ranges': 'bytes',
61 silly registry.get     via: '1.1 varnish',
61 silly registry.get     age: '0',
61 silly registry.get     'x-served-by': 'cache-sjc3130-SJC',
61 silly registry.get     'x-cache': 'MISS',
61 silly registry.get     'x-cache-hits': '0',
61 silly registry.get     'x-timer': 'S1406643888.528004,VS0,VE360',
61 silly registry.get     vary: 'Accept',
61 silly registry.get     'keep-alive': 'timeout=10, max=50',
61 silly registry.get     connection: 'Keep-Alive' } ]
62 silly lockFile a107b96b-fs fs@
63 silly lockFile a107b96b-fs fs@
64 error 404 Not Found
64 error 404
64 error 404 'fs' is not in the npm registry.
64 error 404 You should bug the author to publish it
64 error 404 It was specified as a dependency of 'sequelize_blog_lab'
64 error 404
64 error 404 Note that you can also install from a
64 error 404 tarball, folder, or http url, or git url.
65 error System Darwin 13.3.0
66 error command "node" "/usr/local/bin/npm" "install" "--save" "path" "fs"
67 error cwd /Users/michael/code/homework/sequelize_blog_lab
68 error node -v v0.10.29
69 error npm -v 1.4.14
70 error code E404
71 verbose exit [ 1, true ]
